gpasm-1.5.2 #1325 (May 26 2023) ./src//refres   06/21/23  21:44:58          PAGE  1


LOC    OBJECT CODE    LINE  SOURCE TEXT
  VALUE

                      00001 ; *** FILE DATA ***
                      00002 ;   Filename: refresh_display.asm
                      00003 ;   Date: June 21, 2023
                      00004 ;   Version: 1.0
                      00005 ;
                      00006 ;   Author: Gianni Labella
                      00007 ;   Company: Universidad de Montevideo
                      00008 
                      00009 
                      00010 ; *** Processor Config ***
                      00011         list            p=16f877a       ; list directive to define processor
                      00012         #include        <p16f877a.inc>  ; processor specific variable definitions
                      00001         LIST
                      00002 
                      00003 ;==========================================================================
                      00004 ; Build date : Oct 21 2015
                      00005 ;  MPASM PIC16F877A processor include
                      00006 ; 
                      00007 ;  (c) Copyright 1999-2015 Microchip Technology, All rights reserved
                      00008 ;==========================================================================
                      00009 
                      00567         LIST
                      00013         
2007   3FB3           00014         __CONFIG _CP_OFF & _WDT_OFF & _BODEN_OFF & _PWRTE_ON & _RC_OSC & _WRT_OFF & _LVP_ON & _CPD_OFF
                      00015 
                      00016 
                      00017 ; *** Variable Definition ***
                      00018 ; Variables used for context saving 
  0000007D            00019 w_temp      EQU 0x7D
  0000007E            00020 status_temp     EQU     0x7E
  0000007F            00021 pclath_temp     EQU     0x7F
                      00022 
                      00023 ; Refresh Display Subroutine Variables
                      00024 
                      00025 
  0000003D            00026 timer_preload       EQU d'61'   ; Preload for 10ms interrupt period on 1:128 prescaler
                      00027 
                      00028 
                      00029 ; *** Reset Config ***
0000                  00030         ORG     0x000   ; processor reset vector
                      00031 
0000   0000           00032         nop             ; nop required for icd
0001   2849           00033         goto    main    ; go to beginning of program
                      00034 
                      00035 
                      00036 ; *** Interrupt Config ***
0004                  00037         ORG     0x004   ; interrupt vector location
                      00038 
                      00039     ; Disable global interrupt
0004   138B           00040     bcf     INTCON, GIE
                      00041 
                      00042     ; Save context
0005   00FD           00043     movwf   w_temp          ; copy W value to a temporary register
gpasm-1.5.2 #1325 (May 26 2023) ./src//refres   06/21/23  21:44:58          PAGE  2


LOC    OBJECT CODE    LINE  SOURCE TEXT
  VALUE

0006   0E03           00044     swapf   STATUS, W       ; swap STATUS nibbles and save value to a temporary register
0007   00FE           00045     movwf   status_temp
0008   0E0A           00046     swapf   PCLATH, W       ; swap PCLATH nibbles and save value to a temporary register
0009   00FF           00047     movwf   pclath_temp
                      00048 
                      00049     ; Interrupt Service Routine (ISR) code can go here or be located as a call subroutine elsewhere
000A   190B           00050     btfsc   INTCON, TMR0IF      ; Skip when timer0 flag is clear
000B   2028           00051     call    refresh_display     ; Convert analog input if flag is set
                      00052 
                      00053     ; Restore context
000C   0E7F           00054     swapf   pclath_temp, W  ; swap original PCLATH value and restore from temporary register
000D   008A           00055     movwf   PCLATH
000E   0E7E           00056     swapf   status_temp, W  ; swap original STATUS value and restore from temporary register
000F   0083           00057     movwf   STATUS
0010   0EFD           00058     swapf   w_temp, F       ; restore original W value from temporary register
0011   0E7D           00059     swapf   w_temp, W
                      00060 
                      00061     ; Enable global interrupt
0012   178B           00062     bsf     INTCON, GIE
                      00063 
                      00064     ; Return from interrupt
0013   0009           00065         retfie
                      00066 
                      00067 
                      00068 ; *** Refresh Display Config Subroutine ***
0014                  00069 refresh_display_config
                      00070     ; Change to Bank 1
0014   1303           00071     bcf     STATUS, RP1
0015   1683           00072     bsf     STATUS, RP0
                      00073 
                      00074     ; Config Port A as Digital Outputs
0016   3006           00075     movlw   b'0110' ; Set as digital 
Message[302]: Register in operand not located in RAM Bank 0. Ensure that Bank bits are correct: 'ADCON1' -- (Bank_1: 0x0080; Offs: 0x001F)
0017   009F           00076     movwf   ADCON1
0018   3000           00077     movlw   0       ; Set as output
Message[302]: Register in operand not located in RAM Bank 0. Ensure that Bank bits are correct: 'TRISA' -- (Bank_1: 0x0080; Offs: 0x0005)
0019   0085           00078     movwf   TRISA
                      00079 
                      00080     ; Config Port B as Output
001A   3000           00081     movlw   0
Message[302]: Register in operand not located in RAM Bank 0. Ensure that Bank bits are correct: 'TRISB' -- (Bank_1: 0x0080; Offs: 0x0006)
001B   0086           00082     movwf   TRISB
                      00083 
                      00084     ; Config Timer0
Message[302]: Register in operand not located in RAM Bank 0. Ensure that Bank bits are correct: 'OPTION_REG' -- (Bank_1: 0x0080; Offs: 0x0001)
001C   1281           00085     bcf     OPTION_REG, T0CS
Message[302]: Register in operand not located in RAM Bank 0. Ensure that Bank bits are correct: 'OPTION_REG' -- (Bank_1: 0x0080; Offs: 0x0001)
001D   1181           00086     bcf     OPTION_REG, PSA     ; Config prescaler (1:128)
Message[302]: Register in operand not located in RAM Bank 0. Ensure that Bank bits are correct: 'OPTION_REG' -- (Bank_1: 0x0080; Offs: 0x0001)
001E   1501           00087     bsf     OPTION_REG, PS2
Message[302]: Register in operand not located in RAM Bank 0. Ensure that Bank bits are correct: 'OPTION_REG' -- (Bank_1: 0x0080; Offs: 0x0001)
001F   1481           00088     bsf     OPTION_REG, PS1
Message[302]: Register in operand not located in RAM Bank 0. Ensure that Bank bits are correct: 'OPTION_REG' -- (Bank_1: 0x0080; Offs: 0x0001)
gpasm-1.5.2 #1325 (May 26 2023) ./src//refres   06/21/23  21:44:58          PAGE  3


LOC    OBJECT CODE    LINE  SOURCE TEXT
  VALUE

0020   1001           00089     bcf     OPTION_REG, PS0
                      00090 
                      00091     ; Change to Bank 0
0021   1303           00092     bcf     STATUS, RP1
0022   1283           00093     bcf     STATUS, RP0
                      00094 
                      00095     ; Enable timer0 interrupt
0023   168B           00096     bsf     INTCON, TMR0IE
0024   178B           00097     bsf     INTCON, GIE
                      00098 
                      00099     ; Preload timer0
0025   303D           00100     movlw   timer_preload
0026   0081           00101     movwf   TMR0
                      00102 
0027   0008           00103     return
                      00104 
                      00105 ; Refresh Display Subroutine
0028                  00106 refresh_display
0028                  00107 test_1
0028   1C05           00108     btfss   PORTA, 0
0029   282B           00109     goto    test_2
002A   2835           00110     goto    refresh_display_1
                      00111 
002B                  00112 test_2
002B   1D85           00113     btfss   PORTA, 3
002C   282E           00114     goto    test_3
002D   283A           00115     goto    refresh_display_2
                      00116 
002E                  00117 test_3
002E   1D05           00118     btfss   PORTA, 2
002F   2831           00119     goto    test_4
0030   283F           00120     goto    refresh_display_3
                      00121 
0031                  00122 test_4
0031   1C85           00123     btfss   PORTA, 1
0032   2834           00124     goto    end_test
0033   2844           00125     goto    refresh_display_4
                      00126 
0034                  00127 end_test
0034   2835           00128     goto    refresh_display_1
                      00129 
0035                  00130 refresh_display_1
                      00131     ; Turn display 1 on
0035   3008           00132     movlw   b'1000'
0036   0085           00133     movwf   PORTA
                      00134     
                      00135     ; H
0037   3076           00136     movlw   b'1110110'
0038   0086           00137     movwf   PORTB
                      00138 
0039   0008           00139     return
                      00140 
003A                  00141 refresh_display_2
gpasm-1.5.2 #1325 (May 26 2023) ./src//refres   06/21/23  21:44:58          PAGE  4


LOC    OBJECT CODE    LINE  SOURCE TEXT
  VALUE

                      00142     ; Turn display 2 on
003A   3004           00143     movlw   b'0100'
003B   0085           00144     movwf   PORTA
                      00145     
                      00146     ; o
003C   305C           00147     movlw   b'1011100'
003D   0086           00148     movwf   PORTB
003E   0008           00149     return
                      00150 
003F                  00151 refresh_display_3
                      00152     ; Turn display 3 on
003F   3002           00153     movlw   b'0010'
0040   0085           00154     movwf   PORTA
                      00155     
                      00156     ; L
0041   3038           00157     movlw   b'0111000'
0042   0086           00158     movwf   PORTB
0043   0008           00159     return
                      00160 
0044                  00161 refresh_display_4
                      00162     ; Turn display 4 on
0044   3001           00163     movlw   b'0001'
0045   0085           00164     movwf   PORTA
                      00165     
                      00166     ; A
0046   3077           00167     movlw   b'1110111'
0047   0086           00168     movwf   PORTB
0048   0008           00169     return
                      00170 
                      00171 ; *** Main Routine ***
0049                  00172 main
0049   2014           00173     call    refresh_display_config
                      00174 
004A                  00175 loop
004A   284A           00176     goto    loop
                      00177 
                      00178         END ; directive 'end of program'
gpasm-1.5.2 #1325 (May 26 2023) ./src//refres   06/21/23  21:44:58          PAGE  5


SYMBOL TABLE
  LABEL                            VALUE  

ACKDT                             00000005
ACKEN                             00000004
ACKSTAT                           00000006
ADCON0                            0000001F
ADCON1                            0000009F
ADCS0                             00000006
ADCS1                             00000007
ADCS2                             00000006
ADDEN                             00000003
ADFM                              00000007
ADIE                              00000006
ADIF                              00000006
ADON                              00000000
ADRESH                            0000001E
ADRESL                            0000009E
BCLIE                             00000003
BCLIF                             00000003
BF                                00000000
BRGH                              00000002
C                                 00000000
C1INV                             00000004
C1OUT                             00000006
C2INV                             00000005
C2OUT                             00000007
CCP1CON                           00000017
CCP1IE                            00000002
CCP1IF                            00000002
CCP1M0                            00000000
CCP1M1                            00000001
CCP1M2                            00000002
CCP1M3                            00000003
CCP1X                             00000005
CCP1Y                             00000004
CCP2CON                           0000001D
CCP2IE                            00000000
CCP2IF                            00000000
CCP2M0                            00000000
CCP2M1                            00000001
CCP2M2                            00000002
CCP2M3                            00000003
CCP2X                             00000005
CCP2Y                             00000004
CCPR1                             00000015
CCPR1H                            00000016
CCPR1L                            00000015
CCPR2                             0000001B
CCPR2H                            0000001C
CCPR2L                            0000001B
CHS0                              00000003
CHS1                              00000004
CHS2                              00000005
CIS                               00000003
CKE                               00000006
gpasm-1.5.2 #1325 (May 26 2023) ./src//refres   06/21/23  21:44:58          PAGE  6


SYMBOL TABLE
  LABEL                            VALUE  

CKP                               00000004
CM0                               00000000
CM1                               00000001
CM2                               00000002
CMCON                             0000009C
CMIE                              00000006
CMIF                              00000006
CREN                              00000004
CSRC                              00000007
CVR0                              00000000
CVR1                              00000001
CVR2                              00000002
CVR3                              00000003
CVRCON                            0000009D
CVREN                             00000007
CVROE                             00000006
CVRR                              00000005
D                                 00000005
DATA_ADDRESS                      00000005
DC                                00000001
D_A                               00000005
D_NOT_A                           00000005
EEADR                             0000010D
EEADRH                            0000010F
EECON1                            0000018C
EECON2                            0000018D
EEDATA                            0000010C
EEDATH                            0000010E
EEIE                              00000004
EEIF                              00000004
EEPGD                             00000007
F                                 00000001
FERR                              00000002
FSR                               00000004
GCEN                              00000007
GIE                               00000007
GO                                00000002
GO_DONE                           00000002
GO_NOT_DONE                       00000002
I2C_DATA                          00000005
I2C_READ                          00000002
I2C_START                         00000003
I2C_STOP                          00000004
IBF                               00000007
IBOV                              00000005
INDF                              00000000
INTCON                            0000000B
INTE                              00000004
INTEDG                            00000006
INTF                              00000001
IRP                               00000007
NOT_A                             00000005
NOT_ADDRESS                       00000005
gpasm-1.5.2 #1325 (May 26 2023) ./src//refres   06/21/23  21:44:58          PAGE  7


SYMBOL TABLE
  LABEL                            VALUE  

NOT_BO                            00000000
NOT_BOR                           00000000
NOT_DONE                          00000002
NOT_PD                            00000003
NOT_POR                           00000001
NOT_RBPU                          00000007
NOT_RC8                           00000006
NOT_T1SYNC                        00000002
NOT_TO                            00000004
NOT_TX8                           00000006
NOT_W                             00000002
NOT_WRITE                         00000002
OBF                               00000006
OERR                              00000001
OPTION_REG                        00000081
P                                 00000004
PCFG0                             00000000
PCFG1                             00000001
PCFG2                             00000002
PCFG3                             00000003
PCL                               00000002
PCLATH                            0000000A
PCON                              0000008E
PEIE                              00000006
PEN                               00000002
PIE1                              0000008C
PIE2                              0000008D
PIR1                              0000000C
PIR2                              0000000D
PORTA                             00000005
PORTB                             00000006
PORTC                             00000007
PORTD                             00000008
PORTE                             00000009
PR2                               00000092
PS0                               00000000
PS1                               00000001
PS2                               00000002
PSA                               00000003
PSPIE                             00000007
PSPIF                             00000007
PSPMODE                           00000004
R                                 00000002
RA0                               00000000
RA1                               00000001
RA2                               00000002
RA3                               00000003
RA4                               00000004
RA5                               00000005
RB0                               00000000
RB1                               00000001
RB2                               00000002
RB3                               00000003
gpasm-1.5.2 #1325 (May 26 2023) ./src//refres   06/21/23  21:44:58          PAGE  8


SYMBOL TABLE
  LABEL                            VALUE  

RB4                               00000004
RB5                               00000005
RB6                               00000006
RB7                               00000007
RBIE                              00000003
RBIF                              00000000
RC0                               00000000
RC1                               00000001
RC2                               00000002
RC3                               00000003
RC4                               00000004
RC5                               00000005
RC6                               00000006
RC7                               00000007
RC8_9                             00000006
RC9                               00000006
RCD8                              00000000
RCEN                              00000003
RCIE                              00000005
RCIF                              00000005
RCREG                             0000001A
RCSTA                             00000018
RD                                00000000
RD0                               00000000
RD1                               00000001
RD2                               00000002
RD3                               00000003
RD4                               00000004
RD5                               00000005
RD6                               00000006
RD7                               00000007
RE0                               00000000
RE1                               00000001
RE2                               00000002
READ_WRITE                        00000002
RP0                               00000005
RP1                               00000006
RSEN                              00000001
RX9                               00000006
RX9D                              00000000
R_NOT_W                           00000002
R_W                               00000002
S                                 00000003
SEN                               00000000
SMP                               00000007
SPBRG                             00000099
SPEN                              00000007
SREN                              00000005
SSPADD                            00000093
SSPBUF                            00000013
SSPCON                            00000014
SSPCON2                           00000091
SSPEN                             00000005
gpasm-1.5.2 #1325 (May 26 2023) ./src//refres   06/21/23  21:44:58          PAGE  9


SYMBOL TABLE
  LABEL                            VALUE  

SSPIE                             00000003
SSPIF                             00000003
SSPM0                             00000000
SSPM1                             00000001
SSPM2                             00000002
SSPM3                             00000003
SSPOV                             00000006
SSPSTAT                           00000094
STATUS                            00000003
SYNC                              00000004
T0CS                              00000005
T0IE                              00000005
T0IF                              00000002
T0SE                              00000004
T1CKPS0                           00000004
T1CKPS1                           00000005
T1CON                             00000010
T1INSYNC                          00000002
T1OSCEN                           00000003
T1SYNC                            00000002
T2CKPS0                           00000000
T2CKPS1                           00000001
T2CON                             00000012
TMR0                              00000001
TMR0IE                            00000005
TMR0IF                            00000002
TMR1                              0000000E
TMR1CS                            00000001
TMR1H                             0000000F
TMR1IE                            00000000
TMR1IF                            00000000
TMR1L                             0000000E
TMR1ON                            00000000
TMR2                              00000011
TMR2IE                            00000001
TMR2IF                            00000001
TMR2ON                            00000002
TOUTPS0                           00000003
TOUTPS1                           00000004
TOUTPS2                           00000005
TOUTPS3                           00000006
TRISA                             00000085
TRISA0                            00000000
TRISA1                            00000001
TRISA2                            00000002
TRISA3                            00000003
TRISA4                            00000004
TRISA5                            00000005
TRISB                             00000086
TRISB0                            00000000
TRISB1                            00000001
TRISB2                            00000002
TRISB3                            00000003
gpasm-1.5.2 #1325 (May 26 2023) ./src//refres   06/21/23  21:44:58          PAGE 10


SYMBOL TABLE
  LABEL                            VALUE  

TRISB4                            00000004
TRISB5                            00000005
TRISB6                            00000006
TRISB7                            00000007
TRISC                             00000087
TRISC0                            00000000
TRISC1                            00000001
TRISC2                            00000002
TRISC3                            00000003
TRISC4                            00000004
TRISC5                            00000005
TRISC6                            00000006
TRISC7                            00000007
TRISD                             00000088
TRISD0                            00000000
TRISD1                            00000001
TRISD2                            00000002
TRISD3                            00000003
TRISD4                            00000004
TRISD5                            00000005
TRISD6                            00000006
TRISD7                            00000007
TRISE                             00000089
TRISE0                            00000000
TRISE1                            00000001
TRISE2                            00000002
TRMT                              00000001
TX8_9                             00000006
TX9                               00000006
TX9D                              00000000
TXD8                              00000000
TXEN                              00000005
TXIE                              00000004
TXIF                              00000004
TXREG                             00000019
TXSTA                             00000098
UA                                00000001
W                                 00000000
WCOL                              00000007
WR                                00000001
WREN                              00000002
WRERR                             00000003
Z                                 00000002
_BODEN_OFF                        00003FBF
_BODEN_ON                         00003FFF
_BOREN_OFF                        00003FBF
_BOREN_ON                         00003FFF
_CONFIG                           00002007
_CPD_OFF                          00003FFF
_CPD_ON                           00003EFF
_CP_ALL                           00001FFF
_CP_OFF                           00003FFF
_CP_ON                            00001FFF
gpasm-1.5.2 #1325 (May 26 2023) ./src//refres   06/21/23  21:44:58          PAGE 11


SYMBOL TABLE
  LABEL                            VALUE  

_DEBUG_OFF                        00003FFF
_DEBUG_ON                         000037FF
_DEVID1                           00002006
_FOSC_EXTRC                       00003FFF
_FOSC_HS                          00003FFE
_FOSC_LP                          00003FFC
_FOSC_XT                          00003FFD
_HS_OSC                           00003FFE
_IDLOC0                           00002000
_IDLOC1                           00002001
_IDLOC2                           00002002
_IDLOC3                           00002003
_LP_OSC                           00003FFC
_LVP_OFF                          00003F7F
_LVP_ON                           00003FFF
_PWRTE_OFF                        00003FFF
_PWRTE_ON                         00003FF7
_RC_OSC                           00003FFF
_WDTE_OFF                         00003FFB
_WDTE_ON                          00003FFF
_WDT_OFF                          00003FFB
_WDT_ON                           00003FFF
_WRT_1FOURTH                      00003BFF
_WRT_256                          00003DFF
_WRT_HALF                         000039FF
_WRT_OFF                          00003FFF
_XT_OSC                           00003FFD
__16F877A                         00000001
end_test                          00000034
loop                              0000004A
main                              00000049
pclath_temp                       0000007F
refresh_display                   00000028
refresh_display_1                 00000035
refresh_display_2                 0000003A
refresh_display_3                 0000003F
refresh_display_4                 00000044
refresh_display_config            00000014
status_temp                       0000007E
test_1                            00000028
test_2                            0000002B
test_3                            0000002E
test_4                            00000031
timer_preload                     0000003D
w_temp                            0000007D


MEMORY USAGE MAP ('X' = Used,  '-' = Unused)

0000 : XX--XXXXXXXXXXXX XXXXXXXXXXXXXXXX XXXXXXXXXXXXXXXX XXXXXXXXXXXXXXXX
0040 : XXXXXXXXXXX----- ---------------- ---------------- ----------------
2000 : -------X-------- ---------------- ---------------- ----------------

gpasm-1.5.2 #1325 (May 26 2023) ./src//refres   06/21/23  21:44:58          PAGE 12


MEMORY USAGE MAP ('X' = Used,  '-' = Unused)

All other memory blocks unused.

Program Memory Words Used:    73
Program Memory Words Free:  8119


Errors   :     0
Warnings :     0 reported,     0 suppressed
Messages :     8 reported,     0 suppressed

