gpasm-1.5.2 #1325 (May 26 2023) ./src//sampli   06/23/23  20:02:38          PAGE  1


LOC    OBJECT CODE    LINE  SOURCE TEXT
  VALUE

                      00001 ; *** FILE DATA ***
                      00002 ;   Filename: sampling.asm
                      00003 ;   Date: June 17, 2023
                      00004 ;   Version: 1.0
                      00005 ;
                      00006 ;   Author: Gianni Labella
                      00007 ;   Company: Universidad de Montevideo
                      00008 
                      00009 
                      00010 ; *** Processor Config ***
                      00011         list            p=16f877a       ; list directive to define processor
                      00012         #include        <p16f877a.inc>  ; processor specific variable definitions
                      00001         LIST
                      00002 
                      00003 ;==========================================================================
                      00004 ; Build date : Oct 21 2015
                      00005 ;  MPASM PIC16F877A processor include
                      00006 ; 
                      00007 ;  (c) Copyright 1999-2015 Microchip Technology, All rights reserved
                      00008 ;==========================================================================
                      00009 
                      00567         LIST
                      00013         
2007   3FB3           00014         __CONFIG _CP_OFF & _WDT_OFF & _BODEN_OFF & _PWRTE_ON & _RC_OSC & _WRT_OFF & _LVP_ON & _CPD_OFF
                      00015 
                      00016 
                      00017 ; *** Variable Definition ***
                      00018 ; Variables used for context saving 
  0000007D            00019 w_temp      EQU 0x7D
  0000007E            00020 status_temp     EQU     0x7E
  0000007F            00021 pclath_temp     EQU     0x7F
                      00022 
                      00023 ; Sampling Subroutine Variables
  00000005            00024 analog_input_port   EQU PORTA
  00000000            00025 analog_input_0_bit  EQU 0       ; Bit 0 of port A is used for first analog input
  00000001            00026 analog_input_1_bit  EQU 1       ; Bit 1 of port A is used for second analog input
  00000020            00027 digital_input_0     EQU 0x20    ; First analog input converted to digital
  00000021            00028 digital_input_1     EQU 0x21    ; Second analog input converted to digital
                      00029 
  00000007            00030 select_input_port   EQU PORTC   ; Bit 0 of port C is used to select the analog input to be sampled
  00000000            00031 select_input_bit    EQU 0
                      00032 
  00000006            00033 sample_output_port  EQU PORTB   ; Port B is used to output the converted analog input
                      00034 
  0000003D            00035 timer_preload       EQU d'61'   ; Preload for 10ms interrupt period on 1:128 prescaler
                      00036 
                      00037 
                      00038 ; *** Reset Config ***
0000                  00039         ORG     0x000   ; processor reset vector
                      00040 
0000   0000           00041         nop             ; nop required for icd
0001   2849           00042         goto    main    ; go to beginning of program
                      00043 
gpasm-1.5.2 #1325 (May 26 2023) ./src//sampli   06/23/23  20:02:38          PAGE  2


LOC    OBJECT CODE    LINE  SOURCE TEXT
  VALUE

                      00044 
                      00045 ; *** Interrupt Config ***
0004                  00046         ORG     0x004   ; interrupt vector location
0004   1430           00047     bsf     0x30, 0
                      00048 
                      00049     ; Disable global interrupt
0005   138B           00050     bcf     INTCON, GIE
                      00051 
                      00052     ; Save context
0006   00FD           00053     movwf   w_temp          ; copy W value to a temporary register
0007   0E03           00054     swapf   STATUS, W       ; swap STATUS nibbles and save value to a temporary register
0008   00FE           00055     movwf   status_temp
0009   0E0A           00056     swapf   PCLATH, W       ; swap PCLATH nibbles and save value to a temporary register
000A   00FF           00057     movwf   pclath_temp
                      00058 
                      00059     ; Interrupt Service Routine (ISR) code can go here or be located as a call subroutine elsewhere
000B   190B           00060     btfsc   INTCON, TMR0IF      ; Skip when timer0 flag is clear
000C   202C           00061     call    sampling_converter  ; Convert analog input if flag is set
                      00062 
                      00063     ; Restore context
000D   0E7F           00064     swapf   pclath_temp, W  ; swap original PCLATH value and restore from temporary register
000E   008A           00065     movwf   PCLATH
000F   0E7E           00066     swapf   status_temp, W  ; swap original STATUS value and restore from temporary register
0010   0083           00067     movwf   STATUS
0011   0EFD           00068     swapf   w_temp, F       ; restore original W value from temporary register
0012   0E7D           00069     swapf   w_temp, W
                      00070 
                      00071     ; Enable global interrupt
0013   178B           00072     bsf     INTCON, GIE
0014   1030           00073     bcf     0x30, 0
                      00074 
                      00075     ; Return from interrupt
0015   0009           00076         retfie
                      00077 
                      00078 
                      00079 ; *** Sampling Config Subroutine ***
0016                  00080 sampling_config
                      00081     ; Change to Bank 1
0016   1303           00082     bcf     STATUS, RP1
0017   1683           00083     bsf     STATUS, RP0
                      00084 
                      00085     ; Config Analog Inputs
Message[302]: Register in operand not located in RAM Bank 0. Ensure that Bank bits are correct: 'ADCON1' -- (Bank_1: 0x0080; Offs: 0x001F)
0018   119F           00086     bcf     ADCON1, PCFG3   ; Set both as analog inputs
Message[302]: Register in operand not located in RAM Bank 0. Ensure that Bank bits are correct: 'ADCON1' -- (Bank_1: 0x0080; Offs: 0x001F)
0019   111F           00087     bcf     ADCON1, PCFG2
Message[302]: Register in operand not located in RAM Bank 0. Ensure that Bank bits are correct: 'ADCON1' -- (Bank_1: 0x0080; Offs: 0x001F)
001A   109F           00088     bcf     ADCON1, PCFG1                           
Message[302]: Register in operand not located in RAM Bank 0. Ensure that Bank bits are correct: 'ADCON1' -- (Bank_1: 0x0080; Offs: 0x001F)
001B   101F           00089     bcf     ADCON1, PCFG0
                      00090 
                      00091     ; Config Select Input
001C   1407           00092     bsf     select_input_port, select_input_bit
gpasm-1.5.2 #1325 (May 26 2023) ./src//sampli   06/23/23  20:02:38          PAGE  3


LOC    OBJECT CODE    LINE  SOURCE TEXT
  VALUE

                      00093 
                      00094     ; Config Output
001D   3000           00095     movlw   0
001E   0086           00096     movwf   sample_output_port
                      00097 
                      00098     ; Config Timer0
Message[302]: Register in operand not located in RAM Bank 0. Ensure that Bank bits are correct: 'OPTION_REG' -- (Bank_1: 0x0080; Offs: 0x0001)
001F   1281           00099     bcf     OPTION_REG, T0CS    ; 
Message[302]: Register in operand not located in RAM Bank 0. Ensure that Bank bits are correct: 'OPTION_REG' -- (Bank_1: 0x0080; Offs: 0x0001)
0020   1181           00100     bcf     OPTION_REG, PSA     ; Config TMR0 prescaler (1:128)
Message[302]: Register in operand not located in RAM Bank 0. Ensure that Bank bits are correct: 'OPTION_REG' -- (Bank_1: 0x0080; Offs: 0x0001)
0021   1501           00101     bsf     OPTION_REG, PS2
Message[302]: Register in operand not located in RAM Bank 0. Ensure that Bank bits are correct: 'OPTION_REG' -- (Bank_1: 0x0080; Offs: 0x0001)
0022   1481           00102     bsf     OPTION_REG, PS1
Message[302]: Register in operand not located in RAM Bank 0. Ensure that Bank bits are correct: 'OPTION_REG' -- (Bank_1: 0x0080; Offs: 0x0001)
0023   1001           00103     bcf     OPTION_REG, PS0
                      00104 
                      00105     ; Change to Bank 0
0024   1303           00106     bcf     STATUS, RP1
0025   1283           00107     bcf     STATUS, RP0
                      00108 
                      00109     ; Turn on A/D Converter
0026   141F           00110     bsf     ADCON0, ADON
                      00111 
                      00112     ; Enable timer0 interrupt
0027   168B           00113     bsf     INTCON, TMR0IE
0028   178B           00114     bsf     INTCON, GIE
                      00115     ; Preload timer0
0029   303D           00116     movlw   timer_preload
002A   0081           00117     movwf   TMR0
                      00118 
002B   0008           00119     return
                      00120 
                      00121 ; *** Sampling Analog to Digital Converter Subroutine ***
002C                  00122 sampling_converter
                      00123     ; Save Converted Analog Input 0
002C   129F           00124     bcf     ADCON0, CHS2    ; Select Analog Input 0 to be converted
002D   121F           00125     bcf     ADCON0, CHS1
002E   119F           00126     bcf     ADCON0, CHS0
002F   151F           00127     bsf     ADCON0, GO      ; Start A/D conversion
0030                  00128 wait_conversion_0
0030   191F           00129     btfsc   ADCON0, NOT_DONE    ; Skip when conversion is done
0031   2830           00130     goto    wait_conversion_0
0032   081E           00131     movf    ADRESH, W           ; Save conversion result
0033   00A0           00132     movwf   digital_input_0
                      00133 
                      00134     ; Save Converted Analog Input 1
0034   129F           00135     bcf     ADCON0, CHS2    ; Select Analog Input 1 to be converted
0035   121F           00136     bcf     ADCON0, CHS1
0036   159F           00137     bsf     ADCON0, CHS0
0037   151F           00138     bsf     ADCON0, GO      ; Start A/D conversion
0038                  00139 wait_conversion_1
0038   191F           00140     btfsc   ADCON0, NOT_DONE    ; Skip when conversion is done
gpasm-1.5.2 #1325 (May 26 2023) ./src//sampli   06/23/23  20:02:38          PAGE  4


LOC    OBJECT CODE    LINE  SOURCE TEXT
  VALUE

0039   2838           00141     goto    wait_conversion_1
003A   081E           00142     movf    ADRESH, W           ; Save conversion result
003B   00A1           00143     movwf   digital_input_1
                      00144 
                      00145     ; Restart timer0
003C   110B           00146     bcf     INTCON, TMR0IF  ; Clear timer0 flag
003D   303D           00147     movlw   timer_preload   ; Set timer preload
003E   0081           00148     movwf   TMR0
                      00149 
003F   0008           00150     return
                      00151 
                      00152 ; *** Sampling Sample Subroutine ***
0040                  00153 sampling_sample
0040   1C07           00154     btfss   select_input_port, select_input_bit ; Check if select is set, skip if it is
0041   2843           00155     goto    sampling_sample_input_0             ; Sample input 0 if is clear
0042   2846           00156     goto    sampling_sample_input_1             ; Sample input 1 if is set
                      00157 
                      00158 ; *** Sampling Sample Input 0 Subroutine ***
0043                  00159 sampling_sample_input_0
0043   0820           00160     movf    digital_input_0, W
0044   0086           00161     movwf   sample_output_port
0045   0008           00162     return
                      00163 
                      00164 ; *** Sampling Sample Input 1 Subroutine ***
0046                  00165 sampling_sample_input_1
0046   0821           00166     movf    digital_input_1, W
0047   0086           00167     movwf   sample_output_port
0048   0008           00168     return
                      00169 
                      00170 ; *** Main Routine ***
0049                  00171 main
0049   2016           00172     call    sampling_config
                      00173 
004A                  00174 loop
004A   2040           00175     call    sampling_sample
004B   284A           00176     goto    loop
                      00177 
                      00178         END ; directive 'end of program'
gpasm-1.5.2 #1325 (May 26 2023) ./src//sampli   06/23/23  20:02:38          PAGE  5


SYMBOL TABLE
  LABEL                            VALUE  

ACKDT                             00000005
ACKEN                             00000004
ACKSTAT                           00000006
ADCON0                            0000001F
ADCON1                            0000009F
ADCS0                             00000006
ADCS1                             00000007
ADCS2                             00000006
ADDEN                             00000003
ADFM                              00000007
ADIE                              00000006
ADIF                              00000006
ADON                              00000000
ADRESH                            0000001E
ADRESL                            0000009E
BCLIE                             00000003
BCLIF                             00000003
BF                                00000000
BRGH                              00000002
C                                 00000000
C1INV                             00000004
C1OUT                             00000006
C2INV                             00000005
C2OUT                             00000007
CCP1CON                           00000017
CCP1IE                            00000002
CCP1IF                            00000002
CCP1M0                            00000000
CCP1M1                            00000001
CCP1M2                            00000002
CCP1M3                            00000003
CCP1X                             00000005
CCP1Y                             00000004
CCP2CON                           0000001D
CCP2IE                            00000000
CCP2IF                            00000000
CCP2M0                            00000000
CCP2M1                            00000001
CCP2M2                            00000002
CCP2M3                            00000003
CCP2X                             00000005
CCP2Y                             00000004
CCPR1                             00000015
CCPR1H                            00000016
CCPR1L                            00000015
CCPR2                             0000001B
CCPR2H                            0000001C
CCPR2L                            0000001B
CHS0                              00000003
CHS1                              00000004
CHS2                              00000005
CIS                               00000003
CKE                               00000006
gpasm-1.5.2 #1325 (May 26 2023) ./src//sampli   06/23/23  20:02:38          PAGE  6


SYMBOL TABLE
  LABEL                            VALUE  

CKP                               00000004
CM0                               00000000
CM1                               00000001
CM2                               00000002
CMCON                             0000009C
CMIE                              00000006
CMIF                              00000006
CREN                              00000004
CSRC                              00000007
CVR0                              00000000
CVR1                              00000001
CVR2                              00000002
CVR3                              00000003
CVRCON                            0000009D
CVREN                             00000007
CVROE                             00000006
CVRR                              00000005
D                                 00000005
DATA_ADDRESS                      00000005
DC                                00000001
D_A                               00000005
D_NOT_A                           00000005
EEADR                             0000010D
EEADRH                            0000010F
EECON1                            0000018C
EECON2                            0000018D
EEDATA                            0000010C
EEDATH                            0000010E
EEIE                              00000004
EEIF                              00000004
EEPGD                             00000007
F                                 00000001
FERR                              00000002
FSR                               00000004
GCEN                              00000007
GIE                               00000007
GO                                00000002
GO_DONE                           00000002
GO_NOT_DONE                       00000002
I2C_DATA                          00000005
I2C_READ                          00000002
I2C_START                         00000003
I2C_STOP                          00000004
IBF                               00000007
IBOV                              00000005
INDF                              00000000
INTCON                            0000000B
INTE                              00000004
INTEDG                            00000006
INTF                              00000001
IRP                               00000007
NOT_A                             00000005
NOT_ADDRESS                       00000005
gpasm-1.5.2 #1325 (May 26 2023) ./src//sampli   06/23/23  20:02:38          PAGE  7


SYMBOL TABLE
  LABEL                            VALUE  

NOT_BO                            00000000
NOT_BOR                           00000000
NOT_DONE                          00000002
NOT_PD                            00000003
NOT_POR                           00000001
NOT_RBPU                          00000007
NOT_RC8                           00000006
NOT_T1SYNC                        00000002
NOT_TO                            00000004
NOT_TX8                           00000006
NOT_W                             00000002
NOT_WRITE                         00000002
OBF                               00000006
OERR                              00000001
OPTION_REG                        00000081
P                                 00000004
PCFG0                             00000000
PCFG1                             00000001
PCFG2                             00000002
PCFG3                             00000003
PCL                               00000002
PCLATH                            0000000A
PCON                              0000008E
PEIE                              00000006
PEN                               00000002
PIE1                              0000008C
PIE2                              0000008D
PIR1                              0000000C
PIR2                              0000000D
PORTA                             00000005
PORTB                             00000006
PORTC                             00000007
PORTD                             00000008
PORTE                             00000009
PR2                               00000092
PS0                               00000000
PS1                               00000001
PS2                               00000002
PSA                               00000003
PSPIE                             00000007
PSPIF                             00000007
PSPMODE                           00000004
R                                 00000002
RA0                               00000000
RA1                               00000001
RA2                               00000002
RA3                               00000003
RA4                               00000004
RA5                               00000005
RB0                               00000000
RB1                               00000001
RB2                               00000002
RB3                               00000003
gpasm-1.5.2 #1325 (May 26 2023) ./src//sampli   06/23/23  20:02:38          PAGE  8


SYMBOL TABLE
  LABEL                            VALUE  

RB4                               00000004
RB5                               00000005
RB6                               00000006
RB7                               00000007
RBIE                              00000003
RBIF                              00000000
RC0                               00000000
RC1                               00000001
RC2                               00000002
RC3                               00000003
RC4                               00000004
RC5                               00000005
RC6                               00000006
RC7                               00000007
RC8_9                             00000006
RC9                               00000006
RCD8                              00000000
RCEN                              00000003
RCIE                              00000005
RCIF                              00000005
RCREG                             0000001A
RCSTA                             00000018
RD                                00000000
RD0                               00000000
RD1                               00000001
RD2                               00000002
RD3                               00000003
RD4                               00000004
RD5                               00000005
RD6                               00000006
RD7                               00000007
RE0                               00000000
RE1                               00000001
RE2                               00000002
READ_WRITE                        00000002
RP0                               00000005
RP1                               00000006
RSEN                              00000001
RX9                               00000006
RX9D                              00000000
R_NOT_W                           00000002
R_W                               00000002
S                                 00000003
SEN                               00000000
SMP                               00000007
SPBRG                             00000099
SPEN                              00000007
SREN                              00000005
SSPADD                            00000093
SSPBUF                            00000013
SSPCON                            00000014
SSPCON2                           00000091
SSPEN                             00000005
gpasm-1.5.2 #1325 (May 26 2023) ./src//sampli   06/23/23  20:02:38          PAGE  9


SYMBOL TABLE
  LABEL                            VALUE  

SSPIE                             00000003
SSPIF                             00000003
SSPM0                             00000000
SSPM1                             00000001
SSPM2                             00000002
SSPM3                             00000003
SSPOV                             00000006
SSPSTAT                           00000094
STATUS                            00000003
SYNC                              00000004
T0CS                              00000005
T0IE                              00000005
T0IF                              00000002
T0SE                              00000004
T1CKPS0                           00000004
T1CKPS1                           00000005
T1CON                             00000010
T1INSYNC                          00000002
T1OSCEN                           00000003
T1SYNC                            00000002
T2CKPS0                           00000000
T2CKPS1                           00000001
T2CON                             00000012
TMR0                              00000001
TMR0IE                            00000005
TMR0IF                            00000002
TMR1                              0000000E
TMR1CS                            00000001
TMR1H                             0000000F
TMR1IE                            00000000
TMR1IF                            00000000
TMR1L                             0000000E
TMR1ON                            00000000
TMR2                              00000011
TMR2IE                            00000001
TMR2IF                            00000001
TMR2ON                            00000002
TOUTPS0                           00000003
TOUTPS1                           00000004
TOUTPS2                           00000005
TOUTPS3                           00000006
TRISA                             00000085
TRISA0                            00000000
TRISA1                            00000001
TRISA2                            00000002
TRISA3                            00000003
TRISA4                            00000004
TRISA5                            00000005
TRISB                             00000086
TRISB0                            00000000
TRISB1                            00000001
TRISB2                            00000002
TRISB3                            00000003
gpasm-1.5.2 #1325 (May 26 2023) ./src//sampli   06/23/23  20:02:38          PAGE 10


SYMBOL TABLE
  LABEL                            VALUE  

TRISB4                            00000004
TRISB5                            00000005
TRISB6                            00000006
TRISB7                            00000007
TRISC                             00000087
TRISC0                            00000000
TRISC1                            00000001
TRISC2                            00000002
TRISC3                            00000003
TRISC4                            00000004
TRISC5                            00000005
TRISC6                            00000006
TRISC7                            00000007
TRISD                             00000088
TRISD0                            00000000
TRISD1                            00000001
TRISD2                            00000002
TRISD3                            00000003
TRISD4                            00000004
TRISD5                            00000005
TRISD6                            00000006
TRISD7                            00000007
TRISE                             00000089
TRISE0                            00000000
TRISE1                            00000001
TRISE2                            00000002
TRMT                              00000001
TX8_9                             00000006
TX9                               00000006
TX9D                              00000000
TXD8                              00000000
TXEN                              00000005
TXIE                              00000004
TXIF                              00000004
TXREG                             00000019
TXSTA                             00000098
UA                                00000001
W                                 00000000
WCOL                              00000007
WR                                00000001
WREN                              00000002
WRERR                             00000003
Z                                 00000002
_BODEN_OFF                        00003FBF
_BODEN_ON                         00003FFF
_BOREN_OFF                        00003FBF
_BOREN_ON                         00003FFF
_CONFIG                           00002007
_CPD_OFF                          00003FFF
_CPD_ON                           00003EFF
_CP_ALL                           00001FFF
_CP_OFF                           00003FFF
_CP_ON                            00001FFF
gpasm-1.5.2 #1325 (May 26 2023) ./src//sampli   06/23/23  20:02:38          PAGE 11


SYMBOL TABLE
  LABEL                            VALUE  

_DEBUG_OFF                        00003FFF
_DEBUG_ON                         000037FF
_DEVID1                           00002006
_FOSC_EXTRC                       00003FFF
_FOSC_HS                          00003FFE
_FOSC_LP                          00003FFC
_FOSC_XT                          00003FFD
_HS_OSC                           00003FFE
_IDLOC0                           00002000
_IDLOC1                           00002001
_IDLOC2                           00002002
_IDLOC3                           00002003
_LP_OSC                           00003FFC
_LVP_OFF                          00003F7F
_LVP_ON                           00003FFF
_PWRTE_OFF                        00003FFF
_PWRTE_ON                         00003FF7
_RC_OSC                           00003FFF
_WDTE_OFF                         00003FFB
_WDTE_ON                          00003FFF
_WDT_OFF                          00003FFB
_WDT_ON                           00003FFF
_WRT_1FOURTH                      00003BFF
_WRT_256                          00003DFF
_WRT_HALF                         000039FF
_WRT_OFF                          00003FFF
_XT_OSC                           00003FFD
__16F877A                         00000001
analog_input_0_bit                00000000
analog_input_1_bit                00000001
analog_input_port                 00000005
digital_input_0                   00000020
digital_input_1                   00000021
loop                              0000004A
main                              00000049
pclath_temp                       0000007F
sample_output_port                00000006
sampling_config                   00000016
sampling_converter                0000002C
sampling_sample                   00000040
sampling_sample_input_0           00000043
sampling_sample_input_1           00000046
select_input_bit                  00000000
select_input_port                 00000007
status_temp                       0000007E
timer_preload                     0000003D
w_temp                            0000007D
wait_conversion_0                 00000030
wait_conversion_1                 00000038


MEMORY USAGE MAP ('X' = Used,  '-' = Unused)

gpasm-1.5.2 #1325 (May 26 2023) ./src//sampli   06/23/23  20:02:38          PAGE 12


MEMORY USAGE MAP ('X' = Used,  '-' = Unused)

0000 : XX--XXXXXXXXXXXX XXXXXXXXXXXXXXXX XXXXXXXXXXXXXXXX XXXXXXXXXXXXXXXX
0040 : XXXXXXXXXXXX---- ---------------- ---------------- ----------------
2000 : -------X-------- ---------------- ---------------- ----------------

All other memory blocks unused.

Program Memory Words Used:    74
Program Memory Words Free:  8118


Errors   :     0
Warnings :     0 reported,     0 suppressed
Messages :     9 reported,     0 suppressed

